Add Config: null
Path: 
Path: _metadata
Path: configStore
Path: configStore_items_w5yh0l80eojioziuvjmdakgvd
Path: configStore
Path: configStore_items_MigrationComplete8.4
Path: configStore
Path: configStore_items_IdPOverrideOn
Path: configStore_items_SPOverrideOn
Path: configStore
Path: configStore_items_isDcRoleUpdated
Path: configStore_items_isEaRoleUpdated
Path: configStore
Path: configStore_items_partner.cert.migration.complete
Path: configStore
Path: configStore_items_MigrationComplete8.4
Path: configStore
Path: configStore_items_entropy
Path: license_agreement
Path: license_agreement_items
Path: keyPairs_sslServer
Path: keyPairs_sslServer_items_w5yh0l80eojioziuvjmdakgvd
Looking for config aliase: keyPairs_sslServer_items_w5yh0l80eojioziuvjmdakgvd_w5yh0l80eojioziuvjmdakgvd_fileData, administrativeAccounts_items_Administrator_password
Looking for config aliase: keyPairs_sslServer_items_w5yh0l80eojioziuvjmdakgvd_w5yh0l80eojioziuvjmdakgvd_password, administrativeAccounts_items_Administrator_password
Path: keyPairs_sslServer_settings
Path: keyPairs_sslServer_settings_items
Path: keyPairs_sslServer_settings_items_activeRuntimeServerCerts_w5yh0l80eojioziuvjmdakgvd
Path: keyPairs_sslServer_settings_items_activeAdminConsoleCerts_w5yh0l80eojioziuvjmdakgvd
Path: keyPairs_sslServer_settings_items_adminConsoleCertRef_w5yh0l80eojioziuvjmdakgvd
Path: keyPairs_sslServer_settings_items_runtimeServerCertRef_w5yh0l80eojioziuvjmdakgvd
Path: keyPairs_oauthOpenIdConnect
Path: keyPairs_oauthOpenIdConnect_items
Path: keyPairs_oauthOpenIdConnect_items_dynamicKeyCertificateInformation
Path: dataStores
Path: dataStores_items_ProvisionerDS
Looking for config aliase: dataStores_items_ProvisionerDS_ProvisionerDS_password, administrativeAccounts_items_Administrator_password
Path: dataStores_items_ProvisionerDS_connectionUrlTags
Path: notificationPublishers_settings
Path: notificationPublishers_settings_items
Path: captchaProviders_settings
Path: captchaProviders_settings_items
Path: serverSettings
Path: serverSettings_items
Path: serverSettings_items_federationInfo
Path: serverSettings_items_contactInfo
Path: serverSettings_items_rolesAndProtocols
Path: serverSettings_items_rolesAndProtocols_oauthRole
Path: serverSettings_items_rolesAndProtocols_spRole
Path: serverSettings_items_rolesAndProtocols_spRole_saml20Profile
Path: serverSettings_items_rolesAndProtocols_idpRole
Path: serverSettings_items_rolesAndProtocols_idpRole_saml20Profile
Path: serverSettings_items_notifications
Path: serverSettings_items_notifications_threadPoolExhaustionNotificationSettings
Path: serverSettings_systemKeys
Path: serverSettings_systemKeys_items
Path: serverSettings_systemKeys_items_current
Looking for config aliase: serverSettings_systemKeys_items_current_keyData, administrativeAccounts_items_Administrator_password
Path: serverSettings_systemKeys_items_pending
Looking for config aliase: serverSettings_systemKeys_items_pending_keyData, administrativeAccounts_items_Administrator_password
Path: serverSettings_outboundProvisioning
Path: serverSettings_outboundProvisioning_items
Path: serverSettings_outboundProvisioning_items_dataStoreRef_ProvisionerDS
Path: serverSettings_wsTrustStsSettings
Path: serverSettings_wsTrustStsSettings_items
Path: serverSettings_generalSettings
Path: serverSettings_generalSettings_items
Path: serverSettings_logSettings
Path: serverSettings_logSettings_items
Path: serverSettings_logSettings_items_logCategories_core
Path: serverSettings_logSettings_items_logCategories_protocolrequestresponse
Path: serverSettings_logSettings_items_logCategories_policytree
Path: serverSettings_logSettings_items_logCategories_dsresponsetime
Path: serverSettings_logSettings_items_logCategories_trustedcas
Path: serverSettings_logSettings_items_logCategories_xmlsig
Path: serverSettings_logSettings_items_logCategories_requestheaders
Path: serverSettings_logSettings_items_logCategories_requestparams
Path: serverSettings_logSettings_items_logCategories_restdatastore
Path: administrativeAccounts
Path: administrativeAccounts_items
Looking for config aliase: administrativeAccounts_items_Administrator_password, administrativeAccounts_items_Administrator_password
Found config aliase: administrativeAccounts_items_Administrator_password
New config aliase: PING_IDENTITY_PASSWORD
Path: certificates_revocation_settings
Path: certificates_revocation_settings_items
Path: certificates_revocation_settings_items_ocspSettings
Path: virtualHostNames
Path: virtualHostNames_items
Path: redirectValidation
Path: redirectValidation_items
Path: redirectValidation_items_redirectValidationLocalSettings
Path: redirectValidation_items_redirectValidationPartnerSettings
Path: incomingProxySettings
Path: incomingProxySettings_items
Path: protocolMetadata_lifetimeSettings
Path: protocolMetadata_lifetimeSettings_items
Path: protocolMetadata_signingSettings
Path: protocolMetadata_signingSettings_items
Path: serviceAuthentication
Path: serviceAuthentication_items
Path: cluster_settings
Path: cluster_settings_items
Path: administrativeApi_corsSettings
Path: administrativeApi_corsSettings_items
Path: oauth_accessTokenManagers
Path: oauth_accessTokenManagers_items_AccessTokenManagement
Path: oauth_accessTokenManagers_items_AccessTokenManagement_sessionValidationSettings
Path: oauth_accessTokenManagers_items_AccessTokenManagement_configuration
Path: oauth_accessTokenManagers_items_AccessTokenManagement_configuration_tables
Path: oauth_accessTokenManagers_items_AccessTokenManagement_configuration_tables
Path: oauth_accessTokenManagers_items_AccessTokenManagement_configuration_fields
Path: oauth_accessTokenManagers_items_AccessTokenManagement_configuration_fields
Path: oauth_accessTokenManagers_items_AccessTokenManagement_configuration_fields
Path: oauth_accessTokenManagers_items_AccessTokenManagement_configuration_fields
Path: oauth_accessTokenManagers_items_AccessTokenManagement_configuration_fields
Path: oauth_accessTokenManagers_items_AccessTokenManagement_configuration_fields
Path: oauth_accessTokenManagers_items_AccessTokenManagement_configuration_fields
Path: oauth_accessTokenManagers_items_AccessTokenManagement_configuration_fields
Path: oauth_accessTokenManagers_items_AccessTokenManagement_configuration_fields
Path: oauth_accessTokenManagers_items_AccessTokenManagement_configuration_fields
Path: oauth_accessTokenManagers_items_AccessTokenManagement_configuration_fields
Path: oauth_accessTokenManagers_items_AccessTokenManagement_configuration_fields
Path: oauth_accessTokenManagers_items_AccessTokenManagement_configuration_fields
Path: oauth_accessTokenManagers_items_AccessTokenManagement_configuration_fields
Path: oauth_accessTokenManagers_items_AccessTokenManagement_configuration_fields
Path: oauth_accessTokenManagers_items_AccessTokenManagement_configuration_fields
Path: oauth_accessTokenManagers_items_AccessTokenManagement_configuration_fields
Path: oauth_accessTokenManagers_items_AccessTokenManagement_configuration_fields
Path: oauth_accessTokenManagers_items_AccessTokenManagement_configuration_fields
Path: oauth_accessTokenManagers_items_AccessTokenManagement_configuration_fields
Path: oauth_accessTokenManagers_items_AccessTokenManagement_configuration_fields
Path: oauth_accessTokenManagers_items_AccessTokenManagement_configuration_fields
Path: oauth_accessTokenManagers_items_AccessTokenManagement_configuration_fields
Path: oauth_accessTokenManagers_items_AccessTokenManagement_configuration_fields
Path: oauth_accessTokenManagers_items_AccessTokenManagement_configuration_fields
Path: oauth_accessTokenManagers_items_AccessTokenManagement_configuration_fields
Path: oauth_accessTokenManagers_items_AccessTokenManagement_configuration_fields
Path: oauth_accessTokenManagers_items_AccessTokenManagement_configuration_fields
Path: oauth_accessTokenManagers_items_AccessTokenManagement_configuration_fields
Path: oauth_accessTokenManagers_items_AccessTokenManagement_configuration_fields
Path: oauth_accessTokenManagers_items_AccessTokenManagement_configuration_fields
Path: oauth_accessTokenManagers_items_AccessTokenManagement_configuration_fields
Path: oauth_accessTokenManagers_items_AccessTokenManagement_configuration_fields
Path: oauth_accessTokenManagers_items_AccessTokenManagement_tokenEndpointAttributeContract
Path: oauth_accessTokenManagers_items_AccessTokenManagement_tokenEndpointAttributeContract_attributes
Path: oauth_accessTokenManagers_items_AccessTokenManagement_tokenEndpointAttributeContract_attributes
Path: oauth_accessTokenManagers_items_AccessTokenManagement_pluginDescriptorRef_com.pingidentity.pf.access.token.management.plugins.JwtBearerAccessTokenManagementPlugin
Path: oauth_accessTokenManagers_items_AccessTokenManagement_accessControlSettings
Path: oauth_accessTokenManagers_items_AccessTokenManagement_attributeContract
Path: oauth_accessTokenManagers_items_AccessTokenManagement_attributeContract_extendedAttributes
Path: oauth_accessTokenManagers_items_AccessTokenManagement_attributeContract_extendedAttributes
Path: oauth_accessTokenManagers_items_AccessTokenManagement_selectionSettings
Path: oauth_accessTokenManagers_settings
Path: oauth_accessTokenManagers_settings_items
Path: oauth_accessTokenManagers_settings_items_defaultAccessTokenManagerRef_AccessTokenManagement
Path: kerberos_realms_settings
Path: kerberos_realms_settings_items
Path: idp_tokenProcessors
Path: idp_tokenProcessors_items_MSFTTOKENPROCESSOR
Path: idp_tokenProcessors_items_MSFTTOKENPROCESSOR_configuration
Path: idp_tokenProcessors_items_MSFTTOKENPROCESSOR_configuration_tables
Path: idp_tokenProcessors_items_MSFTTOKENPROCESSOR_configuration_tables_rows
Path: idp_tokenProcessors_items_MSFTTOKENPROCESSOR_configuration_tables_rows_fields
Path: idp_tokenProcessors_items_MSFTTOKENPROCESSOR_configuration_tables_rows_fields
Path: idp_tokenProcessors_items_MSFTTOKENPROCESSOR_configuration_tables_rows_fields
Path: idp_tokenProcessors_items_MSFTTOKENPROCESSOR_configuration_tables
Path: idp_tokenProcessors_items_MSFTTOKENPROCESSOR_configuration_tables_rows
Path: idp_tokenProcessors_items_MSFTTOKENPROCESSOR_configuration_tables_rows_fields
Path: idp_tokenProcessors_items_MSFTTOKENPROCESSOR_configuration_fields
Path: idp_tokenProcessors_items_MSFTTOKENPROCESSOR_configuration_fields
Path: idp_tokenProcessors_items_MSFTTOKENPROCESSOR_configuration_fields
Path: idp_tokenProcessors_items_MSFTTOKENPROCESSOR_configuration_fields
Path: idp_tokenProcessors_items_MSFTTOKENPROCESSOR_configuration_fields
Path: idp_tokenProcessors_items_MSFTTOKENPROCESSOR_configuration_fields
Path: idp_tokenProcessors_items_MSFTTOKENPROCESSOR_configuration_fields
Path: idp_tokenProcessors_items_MSFTTOKENPROCESSOR_pluginDescriptorRef_com.pingidentity.pf.tokenprocessors.jwt.JwtTokenProcessor
Path: idp_tokenProcessors_items_MSFTTOKENPROCESSOR_attributeContract
Path: idp_tokenProcessors_items_MSFTTOKENPROCESSOR_attributeContract_coreAttributes
Path: idp_tokenProcessors_items_MSFTTOKENPROCESSOR_attributeContract_extendedAttributes
Path: idp_tokenProcessors_items_PFTOKENPROCESSOR
Path: idp_tokenProcessors_items_PFTOKENPROCESSOR_configuration
Path: idp_tokenProcessors_items_PFTOKENPROCESSOR_configuration_fields
Path: idp_tokenProcessors_items_PFTOKENPROCESSOR_configuration_fields
Path: idp_tokenProcessors_items_PFTOKENPROCESSOR_pluginDescriptorRef_org.sourceid.wstrust.processor.oauth.BearerAccessTokenTokenProcessor
Path: idp_tokenProcessors_items_PFTOKENPROCESSOR_attributeContract
Path: idp_tokenProcessors_items_PFTOKENPROCESSOR_attributeContract_coreAttributes
Path: idp_tokenProcessors_items_PFTOKENPROCESSOR_attributeContract_coreAttributes
Path: idp_tokenProcessors_items_PFTOKENPROCESSOR_attributeContract_coreAttributes
Path: idp_tokenProcessors_items_PFTOKENPROCESSOR_attributeContract_coreAttributes
Path: idp_tokenProcessors_items_PFTOKENPROCESSOR_attributeContract_coreAttributes
Path: idp_tokenProcessors_items_PFTOKENPROCESSOR_attributeContract_coreAttributes
Path: idp_tokenProcessors_items_PFTOKENPROCESSOR_attributeContract_extendedAttributes
Path: idp_tokenProcessors_items_PFTOKENPROCESSOR_attributeContract_extendedAttributes
Path: idp_defaultUrls
Path: idp_defaultUrls_items
Path: sp_defaultUrls
Path: sp_defaultUrls_items
Path: oauth_authServerSettings
Path: oauth_authServerSettings_items
Path: oauth_authServerSettings_items_persistentGrantContract
Path: oauth_authServerSettings_items_persistentGrantContract_coreAttributes
Path: oauth_authServerSettings_items_persistentGrantContract_coreAttributes
Path: oauth_authServerSettings_items_scopes
Path: oauth_authServerSettings_items_scopes
Path: protocolMetadata_attributeRequesterMappings
Path: protocolMetadata_attributeRequesterMappings_items
Path: session_settings
Path: session_settings_items
Path: session_applicationSessionPolicy
Path: session_applicationSessionPolicy_items
Path: session_authenticationSessionPolicies_global
Path: session_authenticationSessionPolicies_global_items
Path: session_quotas
Path: session_quotas_items
Path: oauth_cibaServerPolicy_settings
Path: oauth_cibaServerPolicy_settings_items
Path: oauth_openIdConnect_policies
Path: oauth_openIdConnect_policies_items_OPENIDCONNECTPOLICYMANAGEMENT
Path: oauth_openIdConnect_policies_items_OPENIDCONNECTPOLICYMANAGEMENT_scopeAttributeMappings
Path: oauth_openIdConnect_policies_items_OPENIDCONNECTPOLICYMANAGEMENT_attributeContract
Path: oauth_openIdConnect_policies_items_OPENIDCONNECTPOLICYMANAGEMENT_attributeContract_coreAttributes
Path: oauth_openIdConnect_policies_items_OPENIDCONNECTPOLICYMANAGEMENT_attributeContract_extendedAttributes
Path: oauth_openIdConnect_policies_items_OPENIDCONNECTPOLICYMANAGEMENT_attributeContract_extendedAttributes
Path: oauth_openIdConnect_policies_items_OPENIDCONNECTPOLICYMANAGEMENT_attributeContract_extendedAttributes
Path: oauth_openIdConnect_policies_items_OPENIDCONNECTPOLICYMANAGEMENT_attributeContract_extendedAttributes
Path: oauth_openIdConnect_policies_items_OPENIDCONNECTPOLICYMANAGEMENT_attributeContract_extendedAttributes
Path: oauth_openIdConnect_policies_items_OPENIDCONNECTPOLICYMANAGEMENT_attributeContract_extendedAttributes
Path: oauth_openIdConnect_policies_items_OPENIDCONNECTPOLICYMANAGEMENT_attributeContract_extendedAttributes
Path: oauth_openIdConnect_policies_items_OPENIDCONNECTPOLICYMANAGEMENT_attributeContract_extendedAttributes
Path: oauth_openIdConnect_policies_items_OPENIDCONNECTPOLICYMANAGEMENT_attributeContract_extendedAttributes
Path: oauth_openIdConnect_policies_items_OPENIDCONNECTPOLICYMANAGEMENT_attributeContract_extendedAttributes
Path: oauth_openIdConnect_policies_items_OPENIDCONNECTPOLICYMANAGEMENT_attributeContract_extendedAttributes
Path: oauth_openIdConnect_policies_items_OPENIDCONNECTPOLICYMANAGEMENT_attributeContract_extendedAttributes
Path: oauth_openIdConnect_policies_items_OPENIDCONNECTPOLICYMANAGEMENT_attributeContract_extendedAttributes
Path: oauth_openIdConnect_policies_items_OPENIDCONNECTPOLICYMANAGEMENT_attributeContract_extendedAttributes
Path: oauth_openIdConnect_policies_items_OPENIDCONNECTPOLICYMANAGEMENT_attributeContract_extendedAttributes
Path: oauth_openIdConnect_policies_items_OPENIDCONNECTPOLICYMANAGEMENT_attributeContract_extendedAttributes
Path: oauth_openIdConnect_policies_items_OPENIDCONNECTPOLICYMANAGEMENT_attributeContract_extendedAttributes
Path: oauth_openIdConnect_policies_items_OPENIDCONNECTPOLICYMANAGEMENT_attributeContract_extendedAttributes
Path: oauth_openIdConnect_policies_items_OPENIDCONNECTPOLICYMANAGEMENT_attributeContract_extendedAttributes
Path: oauth_openIdConnect_policies_items_OPENIDCONNECTPOLICYMANAGEMENT_attributeContract_extendedAttributes
Path: oauth_openIdConnect_policies_items_OPENIDCONNECTPOLICYMANAGEMENT_attributeContract_extendedAttributes
Path: oauth_openIdConnect_policies_items_OPENIDCONNECTPOLICYMANAGEMENT_attributeContract_extendedAttributes
Path: oauth_openIdConnect_policies_items_OPENIDCONNECTPOLICYMANAGEMENT_attributeContract_extendedAttributes
Path: oauth_openIdConnect_policies_items_OPENIDCONNECTPOLICYMANAGEMENT_attributeContract_extendedAttributes
Path: oauth_openIdConnect_policies_items_OPENIDCONNECTPOLICYMANAGEMENT_attributeMapping
Path: oauth_openIdConnect_policies_items_OPENIDCONNECTPOLICYMANAGEMENT_attributeMapping_attributeContractFulfillment
Path: oauth_openIdConnect_policies_items_OPENIDCONNECTPOLICYMANAGEMENT_attributeMapping_attributeContractFulfillment_sub
Path: oauth_openIdConnect_policies_items_OPENIDCONNECTPOLICYMANAGEMENT_attributeMapping_attributeContractFulfillment_sub_source
Path: oauth_openIdConnect_policies_items_OPENIDCONNECTPOLICYMANAGEMENT_attributeMapping_attributeContractFulfillment_zoneinfo
Path: oauth_openIdConnect_policies_items_OPENIDCONNECTPOLICYMANAGEMENT_attributeMapping_attributeContractFulfillment_zoneinfo_source
Path: oauth_openIdConnect_policies_items_OPENIDCONNECTPOLICYMANAGEMENT_attributeMapping_attributeContractFulfillment_address.locality
Path: oauth_openIdConnect_policies_items_OPENIDCONNECTPOLICYMANAGEMENT_attributeMapping_attributeContractFulfillment_address.locality_source
Path: oauth_openIdConnect_policies_items_OPENIDCONNECTPOLICYMANAGEMENT_attributeMapping_attributeContractFulfillment_birthdate
Path: oauth_openIdConnect_policies_items_OPENIDCONNECTPOLICYMANAGEMENT_attributeMapping_attributeContractFulfillment_birthdate_source
Path: oauth_openIdConnect_policies_items_OPENIDCONNECTPOLICYMANAGEMENT_attributeMapping_attributeContractFulfillment_gender
Path: oauth_openIdConnect_policies_items_OPENIDCONNECTPOLICYMANAGEMENT_attributeMapping_attributeContractFulfillment_gender_source
Path: oauth_openIdConnect_policies_items_OPENIDCONNECTPOLICYMANAGEMENT_attributeMapping_attributeContractFulfillment_preferred_username
Path: oauth_openIdConnect_policies_items_OPENIDCONNECTPOLICYMANAGEMENT_attributeMapping_attributeContractFulfillment_preferred_username_source
Path: oauth_openIdConnect_policies_items_OPENIDCONNECTPOLICYMANAGEMENT_attributeMapping_attributeContractFulfillment_locale
Path: oauth_openIdConnect_policies_items_OPENIDCONNECTPOLICYMANAGEMENT_attributeMapping_attributeContractFulfillment_locale_source
Path: oauth_openIdConnect_policies_items_OPENIDCONNECTPOLICYMANAGEMENT_attributeMapping_attributeContractFulfillment_address.country
Path: oauth_openIdConnect_policies_items_OPENIDCONNECTPOLICYMANAGEMENT_attributeMapping_attributeContractFulfillment_address.country_source
Path: oauth_openIdConnect_policies_items_OPENIDCONNECTPOLICYMANAGEMENT_attributeMapping_attributeContractFulfillment_updated_at
Path: oauth_openIdConnect_policies_items_OPENIDCONNECTPOLICYMANAGEMENT_attributeMapping_attributeContractFulfillment_updated_at_source
Path: oauth_openIdConnect_policies_items_OPENIDCONNECTPOLICYMANAGEMENT_attributeMapping_attributeContractFulfillment_address.postal_code
Path: oauth_openIdConnect_policies_items_OPENIDCONNECTPOLICYMANAGEMENT_attributeMapping_attributeContractFulfillment_address.postal_code_source
Path: oauth_openIdConnect_policies_items_OPENIDCONNECTPOLICYMANAGEMENT_attributeMapping_attributeContractFulfillment_address.region
Path: oauth_openIdConnect_policies_items_OPENIDCONNECTPOLICYMANAGEMENT_attributeMapping_attributeContractFulfillment_address.region_source
Path: oauth_openIdConnect_policies_items_OPENIDCONNECTPOLICYMANAGEMENT_attributeMapping_attributeContractFulfillment_nickname
Path: oauth_openIdConnect_policies_items_OPENIDCONNECTPOLICYMANAGEMENT_attributeMapping_attributeContractFulfillment_nickname_source
Path: oauth_openIdConnect_policies_items_OPENIDCONNECTPOLICYMANAGEMENT_attributeMapping_attributeContractFulfillment_email
Path: oauth_openIdConnect_policies_items_OPENIDCONNECTPOLICYMANAGEMENT_attributeMapping_attributeContractFulfillment_email_source
Path: oauth_openIdConnect_policies_items_OPENIDCONNECTPOLICYMANAGEMENT_attributeMapping_attributeContractFulfillment_website
Path: oauth_openIdConnect_policies_items_OPENIDCONNECTPOLICYMANAGEMENT_attributeMapping_attributeContractFulfillment_website_source
Path: oauth_openIdConnect_policies_items_OPENIDCONNECTPOLICYMANAGEMENT_attributeMapping_attributeContractFulfillment_email_verified
Path: oauth_openIdConnect_policies_items_OPENIDCONNECTPOLICYMANAGEMENT_attributeMapping_attributeContractFulfillment_email_verified_source
Path: oauth_openIdConnect_policies_items_OPENIDCONNECTPOLICYMANAGEMENT_attributeMapping_attributeContractFulfillment_profile
Path: oauth_openIdConnect_policies_items_OPENIDCONNECTPOLICYMANAGEMENT_attributeMapping_attributeContractFulfillment_profile_source
Path: oauth_openIdConnect_policies_items_OPENIDCONNECTPOLICYMANAGEMENT_attributeMapping_attributeContractFulfillment_phone_number_verified
Path: oauth_openIdConnect_policies_items_OPENIDCONNECTPOLICYMANAGEMENT_attributeMapping_attributeContractFulfillment_phone_number_verified_source
Path: oauth_openIdConnect_policies_items_OPENIDCONNECTPOLICYMANAGEMENT_attributeMapping_attributeContractFulfillment_given_name
Path: oauth_openIdConnect_policies_items_OPENIDCONNECTPOLICYMANAGEMENT_attributeMapping_attributeContractFulfillment_given_name_source
Path: oauth_openIdConnect_policies_items_OPENIDCONNECTPOLICYMANAGEMENT_attributeMapping_attributeContractFulfillment_middle_name
Path: oauth_openIdConnect_policies_items_OPENIDCONNECTPOLICYMANAGEMENT_attributeMapping_attributeContractFulfillment_middle_name_source
Path: oauth_openIdConnect_policies_items_OPENIDCONNECTPOLICYMANAGEMENT_attributeMapping_attributeContractFulfillment_picture
Path: oauth_openIdConnect_policies_items_OPENIDCONNECTPOLICYMANAGEMENT_attributeMapping_attributeContractFulfillment_picture_source
Path: oauth_openIdConnect_policies_items_OPENIDCONNECTPOLICYMANAGEMENT_attributeMapping_attributeContractFulfillment_name
Path: oauth_openIdConnect_policies_items_OPENIDCONNECTPOLICYMANAGEMENT_attributeMapping_attributeContractFulfillment_name_source
Path: oauth_openIdConnect_policies_items_OPENIDCONNECTPOLICYMANAGEMENT_attributeMapping_attributeContractFulfillment_phone_number
Path: oauth_openIdConnect_policies_items_OPENIDCONNECTPOLICYMANAGEMENT_attributeMapping_attributeContractFulfillment_phone_number_source
Path: oauth_openIdConnect_policies_items_OPENIDCONNECTPOLICYMANAGEMENT_attributeMapping_attributeContractFulfillment_address.formatted
Path: oauth_openIdConnect_policies_items_OPENIDCONNECTPOLICYMANAGEMENT_attributeMapping_attributeContractFulfillment_address.formatted_source
Path: oauth_openIdConnect_policies_items_OPENIDCONNECTPOLICYMANAGEMENT_attributeMapping_attributeContractFulfillment_family_name
Path: oauth_openIdConnect_policies_items_OPENIDCONNECTPOLICYMANAGEMENT_attributeMapping_attributeContractFulfillment_family_name_source
Path: oauth_openIdConnect_policies_items_OPENIDCONNECTPOLICYMANAGEMENT_attributeMapping_attributeContractFulfillment_address.street_address
Path: oauth_openIdConnect_policies_items_OPENIDCONNECTPOLICYMANAGEMENT_attributeMapping_attributeContractFulfillment_address.street_address_source
Path: oauth_openIdConnect_policies_items_OPENIDCONNECTPOLICYMANAGEMENT_attributeMapping_issuanceCriteria
Path: oauth_openIdConnect_policies_items_OPENIDCONNECTPOLICYMANAGEMENT_accessTokenManagerRef_AccessTokenManagement
Path: oauth_openIdConnect_settings
Path: oauth_openIdConnect_settings_items
Path: oauth_openIdConnect_settings_items_defaultPolicyRef_OPENIDCONNECTPOLICYMANAGEMENT
Path: oauth_openIdConnect_settings_items_sessionSettings
Path: oauth_tokenExchange_processor_policies
Path: oauth_tokenExchange_processor_policies_items_PROCESSORPOLICIES
Path: oauth_tokenExchange_processor_policies_items_PROCESSORPOLICIES_processorMappings
Path: oauth_tokenExchange_processor_policies_items_PROCESSORPOLICIES_processorMappings_attributeContractFulfillment
Path: oauth_tokenExchange_processor_policies_items_PROCESSORPOLICIES_processorMappings_attributeContractFulfillment_subject
Path: oauth_tokenExchange_processor_policies_items_PROCESSORPOLICIES_processorMappings_attributeContractFulfillment_subject_source
Path: oauth_tokenExchange_processor_policies_items_PROCESSORPOLICIES_processorMappings_attributeContractFulfillment_email
Path: oauth_tokenExchange_processor_policies_items_PROCESSORPOLICIES_processorMappings_attributeContractFulfillment_email_source
Path: oauth_tokenExchange_processor_policies_items_PROCESSORPOLICIES_processorMappings_actorTokenProcessor_PFTOKENPROCESSOR
Path: oauth_tokenExchange_processor_policies_items_PROCESSORPOLICIES_processorMappings_issuanceCriteria
Path: oauth_tokenExchange_processor_policies_items_PROCESSORPOLICIES_processorMappings_subjectTokenProcessor_MSFTTOKENPROCESSOR
Path: oauth_tokenExchange_processor_policies_items_PROCESSORPOLICIES_attributeContract
Path: oauth_tokenExchange_processor_policies_items_PROCESSORPOLICIES_attributeContract_coreAttributes
Path: oauth_tokenExchange_processor_policies_items_PROCESSORPOLICIES_attributeContract_extendedAttributes
Path: oauth_tokenExchange_processor_settings
Path: oauth_tokenExchange_processor_settings_items
Path: oauth_tokenExchange_processor_settings_items_defaultProcessorPolicyRef_PROCESSORPOLICIES
Path: oauth_tokenExchange_generator_settings
Path: oauth_tokenExchange_generator_settings_items
Path: oauth_clients
Path: oauth_clients_items
Path: oauth_clients_items_oidcPolicy
Path: oauth_clients_items_defaultAccessTokenManagerRef_AccessTokenManagement
Path: oauth_clients_items_tokenExchangeProcessorPolicyRef_PROCESSORPOLICIES
Path: oauth_clients_items_clientAuth
Looking for config aliase: oauth_clients_items_clientAuth_tokenexchangeclient_secret, administrativeAccounts_items_Administrator_password
Path: oauth_clientSettings
Path: oauth_clientSettings_items
Path: oauth_accessTokenMappings
Path: oauth_accessTokenMappings_items_urn_ietf_params_oauth_grant_type_token_exchange_PROCESSORPOLICIES_AccessTokenManagement
Path: oauth_accessTokenMappings_items_urn_ietf_params_oauth_grant_type_token_exchange_PROCESSORPOLICIES_AccessTokenManagement_context
Path: oauth_accessTokenMappings_items_urn_ietf_params_oauth_grant_type_token_exchange_PROCESSORPOLICIES_AccessTokenManagement_context_contextRef_PROCESSORPOLICIES
Path: oauth_accessTokenMappings_items_urn_ietf_params_oauth_grant_type_token_exchange_PROCESSORPOLICIES_AccessTokenManagement_attributeContractFulfillment
Path: oauth_accessTokenMappings_items_urn_ietf_params_oauth_grant_type_token_exchange_PROCESSORPOLICIES_AccessTokenManagement_attributeContractFulfillment_sub
Path: oauth_accessTokenMappings_items_urn_ietf_params_oauth_grant_type_token_exchange_PROCESSORPOLICIES_AccessTokenManagement_attributeContractFulfillment_sub_source
Path: oauth_accessTokenMappings_items_urn_ietf_params_oauth_grant_type_token_exchange_PROCESSORPOLICIES_AccessTokenManagement_attributeContractFulfillment_email
Path: oauth_accessTokenMappings_items_urn_ietf_params_oauth_grant_type_token_exchange_PROCESSORPOLICIES_AccessTokenManagement_attributeContractFulfillment_email_source
Path: oauth_accessTokenMappings_items_urn_ietf_params_oauth_grant_type_token_exchange_PROCESSORPOLICIES_AccessTokenManagement_issuanceCriteria
Path: oauth_accessTokenMappings_items_urn_ietf_params_oauth_grant_type_token_exchange_PROCESSORPOLICIES_AccessTokenManagement_accessTokenManagerRef_AccessTokenManagement
Path: authenticationApi_settings
Path: authenticationApi_settings_items
Path: authenticationPolicies_default
Path: authenticationPolicies_default_items
Path: authenticationPolicies_settings
Path: authenticationPolicies_settings_items
